{
  "0 debug pnpm:scope": {
    "selected": 1
  },
  "1 info pnpm": {
    "err": {
      "name": "Error",
      "message": "Command failed with ENOENT: webpack -- --env=production\nspawn webpack ENOENT",
      "code": "ENOENT",
      "stack": "Error: Command failed with ENOENT: webpack -- --env=production\nspawn webpack ENOENT\n    at Process.ChildProcess._handle.onexit (node:internal/child_process:282:19)\n    at onErrorNT (node:internal/child_process:480:16)\n    at processTicksAndRejections (node:internal/process/task_queues:83:21)"
    }
  },
  "2 error pnpm": {
    "errno": -2,
    "code": "ERR_PNPM_RECURSIVE_EXEC_FIRST_FAIL",
    "syscall": "spawn webpack",
    "path": "webpack",
    "spawnargs": [
      "--",
      "--env=production"
    ],
    "originalMessage": "spawn webpack ENOENT",
    "shortMessage": "Command failed with ENOENT: webpack -- --env=production\nspawn webpack ENOENT",
    "command": "webpack -- --env=production",
    "escapedCommand": "webpack -- \"--env=production\"",
    "failed": true,
    "timedOut": false,
    "isCanceled": false,
    "killed": false,
    "prefix": "/Users/evanford/Desktop/work/FS/hixtape/_hx2",
    "err": {
      "name": "pnpm",
      "message": "Command failed with ENOENT: webpack -- --env=production\nspawn webpack ENOENT",
      "code": "ERR_PNPM_RECURSIVE_EXEC_FIRST_FAIL",
      "stack": "Error: Command failed with ENOENT: webpack -- --env=production\nspawn webpack ENOENT\n    at Process.ChildProcess._handle.onexit (node:internal/child_process:282:19)\n    at onErrorNT (node:internal/child_process:480:16)\n    at processTicksAndRejections (node:internal/process/task_queues:83:21)"
    }
  }
}